######################################################
Fluctuation of tmp thermistor OK: 0.0%
tmp thermistor value in volts of measurement n 2017-02-07 14:36:54 2.01
tmp thermistor value in volts of measurement n+1 2017-02-07 14:36:54 2.01
######################################################
Fluctuation of tmp thermistor OK: 0.0%
tmp thermistor value in volts of measurement n 2017-02-07 14:36:54 2.01
tmp thermistor value in volts of measurement n+1 2017-02-07 14:36:54 2.01
######################################################
######################################################
Fluctuation of tmp thermistor OK: 0.0%
tmp thermistor value in volts of measurement n 2017-02-07 14:36:54 2.01
tmp thermistor value in volts of measurement n+1 2017-02-07 14:36:54 2.01
######################################################
Fluctuation of tmp thermistor OK: 0.0%
tmp thermistor value in volts of measurement n 2017-02-07 14:36:54 2.01
tmp thermistor value in volts of measurement n+1 2017-02-07 14:36:54 2.01
######################################################
Fluctuation of tmp thermistor OK: 4.32692307692%
tmp thermistor value in volts of measurement n 2017-02-07 14:36:57 2.08
tmp thermistor value in volts of measurement n+1 2017-02-07 14:36:58 1.99
######################################################
Fluctuation of tmp thermistor OK: 0.0%
tmp thermistor value in volts of measurement n 2017-02-07 14:36:59 2.00
tmp thermistor value in volts of measurement n+1 2017-02-07 14:37:00 2.00
######################################################
Fluctuation of tmp thermistor OK: 0.0%
tmp thermistor value in volts of measurement n 2017-02-07 14:37:01 2.00
tmp thermistor value in volts of measurement n+1 2017-02-07 14:37:02 2.00
######################################################
######################################################
######################################################
Fluctuation of tmp thermistor OK: 1.99004975124%
tmp thermistor value in volts of measurement n 2017-02-07 14:42:35 2.01
tmp thermistor value in volts of measurement n+1 2017-02-07 14:42:36 1.97
######################################################
Fluctuation of tmp thermistor OK: 0.0%
tmp thermistor value in volts of measurement n 2017-02-07 14:42:37 1.98
tmp thermistor value in volts of measurement n+1 2017-02-07 14:42:38 1.98
######################################################
Fluctuation of tmp thermistor OK: 0.0%
tmp thermistor value in volts of measurement n 2017-02-07 14:42:39 1.99
tmp thermistor value in volts of measurement n+1 2017-02-07 14:42:40 1.99
######################################################
Fluctuation of tmp thermistor OK: 0.0%
tmp thermistor value in volts of measurement n 2017-02-07 14:42:41 1.99
tmp thermistor value in volts of measurement n+1 2017-02-07 14:42:42 1.99
######################################################
Fluctuation of tmp thermistor OK: 0.502512562814%
tmp thermistor value in volts of measurement n 2017-02-07 14:42:43 1.99
tmp thermistor value in volts of measurement n+1 2017-02-07 14:42:44 1.98
######################################################
Fluctuation of tmp thermistor OK: 0.0%
tmp thermistor value in volts of measurement n 2017-02-07 14:42:45 1.98
tmp thermistor value in volts of measurement n+1 2017-02-07 14:42:46 1.98
######################################################
Fluctuation of tmp thermistor OK: 0.0%
tmp thermistor value in volts of measurement n 2017-02-07 14:42:47 1.98
tmp thermistor value in volts of measurement n+1 2017-02-07 14:42:48 1.98
######################################################
Fluctuation of tmp thermistor OK: 0.0%
tmp thermistor value in volts of measurement n 2017-02-07 14:42:49 1.98
tmp thermistor value in volts of measurement n+1 2017-02-07 14:42:50 1.98
######################################################
Fluctuation of tmp thermistor OK: 0.0%
tmp thermistor value in volts of measurement n 2017-02-07 14:42:51 1.98
tmp thermistor value in volts of measurement n+1 2017-02-07 14:42:52 1.98
######################################################
Fluctuation of tmp thermistor OK: 0.505050505051%
tmp thermistor value in volts of measurement n 2017-02-07 14:42:53 1.98
tmp thermistor value in volts of measurement n+1 2017-02-07 14:42:54 1.99
######################################################
######################################################
######################################################
Fluctuation of tmp thermistor OK: 2.94117647059%
tmp thermistor value in volts of measurement n 2017-02-07 15:17:24 2.04
tmp thermistor value in volts of measurement n+1 2017-02-07 15:17:25 1.98
Fluctuation of rv sensor in volts OK: 0.0%
measurement n of rv sensor in volts 2017-02-07 15:17:24 2.38
measurement n+1 of rv sensor in volts 2017-02-07 15:17:25 2.38
######################################################
Fluctuation of tmp thermistor OK: 0.0%
tmp thermistor value in volts of measurement n 2017-02-07 15:17:26 2.00
tmp thermistor value in volts of measurement n+1 2017-02-07 15:17:27 2.00
Fluctuation of rv sensor in volts OK: 0.420168067227%
measurement n of rv sensor in volts 2017-02-07 15:17:26 2.38
measurement n+1 of rv sensor in volts 2017-02-07 15:17:27 2.39
######################################################
Fluctuation of tmp thermistor OK: 0.0%
tmp thermistor value in volts of measurement n 2017-02-07 15:17:28 2.01
tmp thermistor value in volts of measurement n+1 2017-02-07 15:17:29 2.01
Fluctuation of rv sensor in volts OK: 0.420168067227%
measurement n of rv sensor in volts 2017-02-07 15:17:28 2.38
measurement n+1 of rv sensor in volts 2017-02-07 15:17:29 2.39
######################################################
Fluctuation of tmp thermistor OK: 0.0%
tmp thermistor value in volts of measurement n 2017-02-07 15:17:30 2.01
tmp thermistor value in volts of measurement n+1 2017-02-07 15:17:31 2.01
Fluctuation of rv sensor in volts OK: 0.418410041841%
measurement n of rv sensor in volts 2017-02-07 15:17:30 2.39
measurement n+1 of rv sensor in volts 2017-02-07 15:17:31 2.38
######################################################
Fluctuation of tmp thermistor OK: 0.497512437811%
tmp thermistor value in volts of measurement n 2017-02-07 15:17:32 2.01
tmp thermistor value in volts of measurement n+1 2017-02-07 15:17:33 2.00
Fluctuation of rv sensor in volts OK: 0.0%
measurement n of rv sensor in volts 2017-02-07 15:17:32 2.38
measurement n+1 of rv sensor in volts 2017-02-07 15:17:33 2.38
######################################################
Fluctuation of tmp thermistor OK: 0.0%
tmp thermistor value in volts of measurement n 2017-02-07 15:17:35 2.00
tmp thermistor value in volts of measurement n+1 2017-02-07 15:17:36 2.00
Fluctuation of rv sensor in volts OK: 0.0%
measurement n of rv sensor in volts 2017-02-07 15:17:35 2.37
measurement n+1 of rv sensor in volts 2017-02-07 15:17:36 2.37
######################################################
Fluctuation of tmp thermistor OK: 0.0%
tmp thermistor value in volts of measurement n 2017-02-07 15:17:37 2.00
tmp thermistor value in volts of measurement n+1 2017-02-07 15:17:38 2.00
Fluctuation of rv sensor in volts OK: 0.42194092827%
measurement n of rv sensor in volts 2017-02-07 15:17:37 2.37
measurement n+1 of rv sensor in volts 2017-02-07 15:17:38 2.36
######################################################
Fluctuation of tmp thermistor OK: 0.5%
tmp thermistor value in volts of measurement n 2017-02-07 15:17:39 2.00
tmp thermistor value in volts of measurement n+1 2017-02-07 15:17:40 1.99
Fluctuation of rv sensor in volts OK: 0.0%
measurement n of rv sensor in volts 2017-02-07 15:17:39 2.36
measurement n+1 of rv sensor in volts 2017-02-07 15:17:40 2.36
######################################################
Fluctuation of tmp thermistor OK: 0.502512562814%
tmp thermistor value in volts of measurement n 2017-02-07 15:17:41 1.99
tmp thermistor value in volts of measurement n+1 2017-02-07 15:17:42 2.00
Fluctuation of rv sensor in volts OK: 0.0%
measurement n of rv sensor in volts 2017-02-07 15:17:41 2.36
measurement n+1 of rv sensor in volts 2017-02-07 15:17:42 2.36
######################################################
Fluctuation of tmp thermistor OK: 0.0%
tmp thermistor value in volts of measurement n 2017-02-07 15:17:43 1.99
tmp thermistor value in volts of measurement n+1 2017-02-07 15:17:44 1.99
Fluctuation of rv sensor in volts OK: 0.0%
measurement n of rv sensor in volts 2017-02-07 15:17:43 2.36
measurement n+1 of rv sensor in volts 2017-02-07 15:17:44 2.36
######################################################
Fluctuation of tmp thermistor OK: 0.0%
tmp thermistor value in volts of measurement n 2017-02-07 15:17:45 1.99
tmp thermistor value in volts of measurement n+1 2017-02-07 15:17:46 1.99
Fluctuation of rv sensor in volts OK: 0.0%
measurement n of rv sensor in volts 2017-02-07 15:17:45 2.36
measurement n+1 of rv sensor in volts 2017-02-07 15:17:46 2.36
######################################################
Fluctuation of tmp thermistor OK: 0.0%
tmp thermistor value in volts of measurement n 2017-02-07 15:17:47 2.00
tmp thermistor value in volts of measurement n+1 2017-02-07 15:17:48 2.00
Fluctuation of rv sensor in volts OK: 0.0%
measurement n of rv sensor in volts 2017-02-07 15:17:47 2.36
measurement n+1 of rv sensor in volts 2017-02-07 15:17:48 2.36
######################################################
Fluctuation of tmp thermistor OK: 0.0%
tmp thermistor value in volts of measurement n 2017-02-07 15:17:49 2.00
tmp thermistor value in volts of measurement n+1 2017-02-07 15:17:50 2.00
Fluctuation of rv sensor in volts OK: 0.423728813559%
measurement n of rv sensor in volts 2017-02-07 15:17:49 2.36
measurement n+1 of rv sensor in volts 2017-02-07 15:17:50 2.37
######################################################
Fluctuation of tmp thermistor OK: 0.0%
tmp thermistor value in volts of measurement n 2017-02-07 15:17:51 2.00
tmp thermistor value in volts of measurement n+1 2017-02-07 15:17:52 2.00
Fluctuation of rv sensor in volts OK: 0.0%
measurement n of rv sensor in volts 2017-02-07 15:17:51 2.37
measurement n+1 of rv sensor in volts 2017-02-07 15:17:52 2.37
######################################################
Fluctuation of tmp thermistor OK: 0.0%
tmp thermistor value in volts of measurement n 2017-02-07 15:17:53 2.00
tmp thermistor value in volts of measurement n+1 2017-02-07 15:17:54 2.00
Fluctuation of rv sensor in volts OK: 0.0%
measurement n of rv sensor in volts 2017-02-07 15:17:53 2.37
measurement n+1 of rv sensor in volts 2017-02-07 15:17:54 2.37
######################################################
Fluctuation of tmp thermistor OK: 0.0%
tmp thermistor value in volts of measurement n 2017-02-07 15:17:55 2.00
tmp thermistor value in volts of measurement n+1 2017-02-07 15:17:56 2.00
Fluctuation of rv sensor in volts OK: 0.0%
measurement n of rv sensor in volts 2017-02-07 15:17:55 2.37
measurement n+1 of rv sensor in volts 2017-02-07 15:17:56 2.37
######################################################
Fluctuation of tmp thermistor OK: 0.0%
tmp thermistor value in volts of measurement n 2017-02-07 15:17:57 2.01
tmp thermistor value in volts of measurement n+1 2017-02-07 15:17:58 2.01
Fluctuation of rv sensor in volts OK: 0.0%
measurement n of rv sensor in volts 2017-02-07 15:17:57 2.38
measurement n+1 of rv sensor in volts 2017-02-07 15:17:58 2.38
######################################################
Fluctuation of tmp thermistor OK: 0.0%
tmp thermistor value in volts of measurement n 2017-02-07 15:17:59 2.01
tmp thermistor value in volts of measurement n+1 2017-02-07 15:18:00 2.01
Fluctuation of rv sensor in volts OK: 0.420168067227%
measurement n of rv sensor in volts 2017-02-07 15:17:59 2.38
measurement n+1 of rv sensor in volts 2017-02-07 15:18:00 2.39
######################################################
Fluctuation of tmp thermistor OK: 0.0%
tmp thermistor value in volts of measurement n 2017-02-07 15:18:01 2.02
tmp thermistor value in volts of measurement n+1 2017-02-07 15:18:02 2.02
Fluctuation of rv sensor in volts OK: 1.42108547152e-14%
measurement n of rv sensor in volts 2017-02-07 15:18:01 2.39
measurement n+1 of rv sensor in volts 2017-02-07 15:18:02 2.39
######################################################
Fluctuation of tmp thermistor OK: 0.495049504951%
tmp thermistor value in volts of measurement n 2017-02-07 15:18:03 2.02
tmp thermistor value in volts of measurement n+1 2017-02-07 15:18:04 2.01
Fluctuation of rv sensor in volts OK: 1.42108547152e-14%
measurement n of rv sensor in volts 2017-02-07 15:18:03 2.39
measurement n+1 of rv sensor in volts 2017-02-07 15:18:04 2.39
######################################################
Fluctuation of tmp thermistor OK: 0.0%
tmp thermistor value in volts of measurement n 2017-02-07 15:18:05 2.02
tmp thermistor value in volts of measurement n+1 2017-02-07 15:18:06 2.02
Fluctuation of rv sensor in volts OK: 1.42108547152e-14%
measurement n of rv sensor in volts 2017-02-07 15:18:05 2.39
measurement n+1 of rv sensor in volts 2017-02-07 15:18:06 2.39
######################################################
Fluctuation of tmp thermistor OK: 0.0%
tmp thermistor value in volts of measurement n 2017-02-07 15:18:07 2.01
tmp thermistor value in volts of measurement n+1 2017-02-07 15:18:08 2.01
Fluctuation of rv sensor in volts OK: 1.42108547152e-14%
measurement n of rv sensor in volts 2017-02-07 15:18:07 2.39
measurement n+1 of rv sensor in volts 2017-02-07 15:18:08 2.39
######################################################
Fluctuation of tmp thermistor OK: 0.0%
tmp thermistor value in volts of measurement n 2017-02-07 15:18:09 2.02
tmp thermistor value in volts of measurement n+1 2017-02-07 15:18:10 2.02
Fluctuation of rv sensor in volts OK: 1.42108547152e-14%
measurement n of rv sensor in volts 2017-02-07 15:18:09 2.39
measurement n+1 of rv sensor in volts 2017-02-07 15:18:10 2.39
######################################################
Fluctuation of tmp thermistor OK: 0.0%
tmp thermistor value in volts of measurement n 2017-02-07 15:18:11 2.02
tmp thermistor value in volts of measurement n+1 2017-02-07 15:18:12 2.02
Fluctuation of rv sensor in volts OK: 1.42108547152e-14%
measurement n of rv sensor in volts 2017-02-07 15:18:11 2.39
measurement n+1 of rv sensor in volts 2017-02-07 15:18:12 2.39
######################################################
